[2026-06-01 17:36:15Z INFO HostContext] No proxy settings were found based on environmental variables (http_proxy/https_proxy/HTTP_PROXY/HTTPS_PROXY)
[2026-06-01 17:36:15Z INFO HostContext] Well known directory 'Bin': 'D:\diploma\gitops\actions-runner\bin'
[2026-06-01 17:36:15Z INFO HostContext] Well known directory 'Root': 'D:\diploma\gitops\actions-runner'
[2026-06-01 17:36:15Z INFO HostContext] Well known config file 'Credentials': 'D:\diploma\gitops\actions-runner\.credentials'
[2026-06-01 17:36:15Z INFO HostContext] Well known directory 'Bin': 'D:\diploma\gitops\actions-runner\bin'
[2026-06-01 17:36:15Z INFO HostContext] Well known directory 'Root': 'D:\diploma\gitops\actions-runner'
[2026-06-01 17:36:15Z INFO HostContext] Well known config file 'Runner': 'D:\diploma\gitops\actions-runner\.runner'
[2026-06-01 17:36:15Z INFO Listener] Runner is built for Windows (X64) - win-x64.
[2026-06-01 17:36:15Z INFO Listener] RuntimeInformation: Microsoft Windows 10.0.19045.
[2026-06-01 17:36:15Z INFO Listener] Version: 2.334.0
[2026-06-01 17:36:15Z INFO Listener] Commit: f1995ede5d885c997d13d8eca5467c4ce97fe69c
[2026-06-01 17:36:15Z INFO Listener] Culture: ru-RU
[2026-06-01 17:36:15Z INFO Listener] UI Culture: ru-RU
[2026-06-01 17:36:15Z INFO HostContext] Well known directory 'Bin': 'D:\diploma\gitops\actions-runner\bin'
[2026-06-01 17:36:15Z INFO HostContext] Well known directory 'Root': 'D:\diploma\gitops\actions-runner'
[2026-06-01 17:36:15Z INFO Listener] Validating directory permissions for: 'D:\diploma\gitops\actions-runner'
[2026-06-01 17:36:15Z INFO CommandLineParser] Parse
[2026-06-01 17:36:15Z INFO CommandLineParser] Parsing 5 args
[2026-06-01 17:36:15Z INFO CommandLineParser] parsing argument
[2026-06-01 17:36:15Z INFO CommandLineParser] HasArgs: False
[2026-06-01 17:36:15Z INFO CommandLineParser] Adding Command: configure
[2026-06-01 17:36:15Z INFO CommandLineParser] parsing argument
[2026-06-01 17:36:15Z INFO CommandLineParser] HasArgs: True
[2026-06-01 17:36:15Z INFO CommandLineParser] arg: url
[2026-06-01 17:36:15Z INFO CommandLineParser] parsing argument
[2026-06-01 17:36:15Z INFO CommandLineParser] HasArgs: True
[2026-06-01 17:36:15Z INFO CommandLineParser] Adding option 'url': 'https://github.com/CryH1T/gitops-diplom'
[2026-06-01 17:36:15Z INFO CommandLineParser] parsing argument
[2026-06-01 17:36:15Z INFO CommandLineParser] HasArgs: True
[2026-06-01 17:36:15Z INFO CommandLineParser] arg: token
[2026-06-01 17:36:15Z INFO CommandLineParser] parsing argument
[2026-06-01 17:36:15Z INFO CommandLineParser] HasArgs: True
[2026-06-01 17:36:15Z INFO CommandLineParser] Adding option 'token': '***'
[2026-06-01 17:36:15Z INFO Listener] Arguments parsed
[2026-06-01 17:36:15Z INFO Runner] ExecuteCommand
[2026-06-01 17:36:15Z INFO ConfigurationStore] currentAssemblyLocation: D:\diploma\gitops\actions-runner\bin\Runner.Listener.dll
[2026-06-01 17:36:15Z INFO HostContext] Well known directory 'Bin': 'D:\diploma\gitops\actions-runner\bin'
[2026-06-01 17:36:15Z INFO ConfigurationStore] binPath: D:\diploma\gitops\actions-runner\bin
[2026-06-01 17:36:15Z INFO HostContext] Well known directory 'Bin': 'D:\diploma\gitops\actions-runner\bin'
[2026-06-01 17:36:15Z INFO HostContext] Well known directory 'Root': 'D:\diploma\gitops\actions-runner'
[2026-06-01 17:36:15Z INFO ConfigurationStore] RootFolder: D:\diploma\gitops\actions-runner
[2026-06-01 17:36:15Z INFO HostContext] Well known directory 'Bin': 'D:\diploma\gitops\actions-runner\bin'
[2026-06-01 17:36:15Z INFO HostContext] Well known directory 'Root': 'D:\diploma\gitops\actions-runner'
[2026-06-01 17:36:15Z INFO HostContext] Well known config file 'Runner': 'D:\diploma\gitops\actions-runner\.runner'
[2026-06-01 17:36:15Z INFO ConfigurationStore] ConfigFilePath: D:\diploma\gitops\actions-runner\.runner
[2026-06-01 17:36:15Z INFO HostContext] Well known directory 'Bin': 'D:\diploma\gitops\actions-runner\bin'
[2026-06-01 17:36:15Z INFO HostContext] Well known directory 'Root': 'D:\diploma\gitops\actions-runner'
[2026-06-01 17:36:15Z INFO HostContext] Well known config file 'MigratedRunner': 'D:\diploma\gitops\actions-runner\.runner_migrated'
[2026-06-01 17:36:15Z INFO ConfigurationStore] MigratedConfigFilePath: D:\diploma\gitops\actions-runner\.runner_migrated
[2026-06-01 17:36:15Z INFO HostContext] Well known directory 'Bin': 'D:\diploma\gitops\actions-runner\bin'
[2026-06-01 17:36:15Z INFO HostContext] Well known directory 'Root': 'D:\diploma\gitops\actions-runner'
[2026-06-01 17:36:15Z INFO HostContext] Well known config file 'Credentials': 'D:\diploma\gitops\actions-runner\.credentials'
[2026-06-01 17:36:15Z INFO ConfigurationStore] CredFilePath: D:\diploma\gitops\actions-runner\.credentials
[2026-06-01 17:36:15Z INFO HostContext] Well known directory 'Bin': 'D:\diploma\gitops\actions-runner\bin'
[2026-06-01 17:36:15Z INFO HostContext] Well known directory 'Root': 'D:\diploma\gitops\actions-runner'
[2026-06-01 17:36:15Z INFO HostContext] Well known config file 'MigratedCredentials': 'D:\diploma\gitops\actions-runner\.credentials_migrated'
[2026-06-01 17:36:15Z INFO ConfigurationStore] MigratedCredFilePath: D:\diploma\gitops\actions-runner\.credentials_migrated
[2026-06-01 17:36:15Z INFO HostContext] Well known directory 'Bin': 'D:\diploma\gitops\actions-runner\bin'
[2026-06-01 17:36:15Z INFO HostContext] Well known directory 'Root': 'D:\diploma\gitops\actions-runner'
[2026-06-01 17:36:15Z INFO HostContext] Well known config file 'Service': 'D:\diploma\gitops\actions-runner\.service'
[2026-06-01 17:36:15Z INFO ConfigurationStore] ServiceConfigFilePath: D:\diploma\gitops\actions-runner\.service
[2026-06-01 17:36:15Z INFO CommandSettings] Flag 'help': 'False'
[2026-06-01 17:36:15Z INFO CommandSettings] Flag 'version': 'False'
[2026-06-01 17:36:15Z INFO CommandSettings] Flag 'commit': 'False'
[2026-06-01 17:36:15Z INFO CommandSettings] Flag 'check': 'False'
[2026-06-01 17:36:15Z INFO CommandSettings] Command 'configure': 'True'
[2026-06-01 17:36:15Z INFO Terminal] WRITE LINE: 
[2026-06-01 17:36:15Z INFO Terminal] WRITE LINE: --------------------------------------------------------------------------------
[2026-06-01 17:36:15Z INFO Terminal] WRITE LINE: |        ____ _ _   _   _       _          _        _   _                      |
[2026-06-01 17:36:15Z INFO Terminal] WRITE LINE: |       / ___(_) |_| | | |_   _| |__      / \   ___| |_(_) ___  _ __  ___      |
[2026-06-01 17:36:15Z INFO Terminal] WRITE LINE: |      | |  _| | __| |_| | | | | '_ \    / _ \ / __| __| |/ _ \| '_ \/ __|     |
[2026-06-01 17:36:15Z INFO Terminal] WRITE LINE: |      | |_| | | |_|  _  | |_| | |_) |  / ___ \ (__| |_| | (_) | | | \__ \     |
[2026-06-01 17:36:15Z INFO Terminal] WRITE LINE: |       \____|_|\__|_| |_|\__,_|_.__/  /_/   \_\___|\__|_|\___/|_| |_|___/     |
[2026-06-01 17:36:15Z INFO Terminal] WRITE LINE: |                                                                              |
[2026-06-01 17:36:15Z INFO Terminal] WRITE: |                       
[2026-06-01 17:36:15Z INFO Terminal] WRITE: Self-hosted runner registration
[2026-06-01 17:36:15Z INFO Terminal] WRITE LINE:                         |
[2026-06-01 17:36:15Z INFO Terminal] WRITE LINE: |                                                                              |
[2026-06-01 17:36:15Z INFO Terminal] WRITE LINE: --------------------------------------------------------------------------------
[2026-06-01 17:36:15Z INFO ConfigurationManager] ConfigureAsync
[2026-06-01 17:36:15Z INFO CommandSettings] Flag 'generateServiceConfig': 'False'
[2026-06-01 17:36:15Z INFO ConfigurationStore] IsConfigured()
[2026-06-01 17:36:15Z INFO ConfigurationStore] IsConfigured: False
[2026-06-01 17:36:15Z INFO ConfigurationManager] Is configured: False
[2026-06-01 17:36:15Z INFO CommandSettings] Arg 'url': 'https://github.com/CryH1T/gitops-diplom'
[2026-06-01 17:36:15Z INFO CommandSettings] Remove url from Arg dictionary.
[2026-06-01 17:36:15Z INFO CommandSettings] Arg 'token': '***'
[2026-06-01 17:36:15Z INFO CommandSettings] Remove token from Arg dictionary.
[2026-06-01 17:36:16Z INFO ConfigurationManager] Http response code: OK from 'POST https://api.github.com/actions/runner-registration' (097D:5F9B7:3B67953:3838C88:6A1DC312)
[2026-06-01 17:36:16Z INFO ConfigurationManager] Using runner-admin flow: False
[2026-06-01 17:36:16Z INFO ConfigurationManager] cred retrieved via GitHub auth
[2026-06-01 17:36:16Z INFO RunnerServer] EstablishVssConnection
[2026-06-01 17:36:16Z INFO RunnerServer] Establish connection with 100 seconds timeout.
[2026-06-01 17:36:16Z INFO GitHubActionsService] Starting operation Location.GetConnectionData
[2026-06-01 17:36:16Z INFO RunnerServer] EstablishVssConnection
[2026-06-01 17:36:16Z INFO RunnerServer] Establish connection with 60 seconds timeout.
[2026-06-01 17:36:16Z INFO GitHubActionsService] Starting operation Location.GetConnectionData
[2026-06-01 17:36:16Z INFO RunnerServer] EstablishVssConnection
[2026-06-01 17:36:16Z INFO RunnerServer] Establish connection with 60 seconds timeout.
[2026-06-01 17:36:16Z INFO GitHubActionsService] Starting operation Location.GetConnectionData
[2026-06-01 17:36:17Z INFO GitHubActionsService] Finished operation Location.GetConnectionData
[2026-06-01 17:36:17Z INFO GitHubActionsService] Finished operation Location.GetConnectionData
[2026-06-01 17:36:17Z INFO GitHubActionsService] Finished operation Location.GetConnectionData
[2026-06-01 17:36:17Z INFO Terminal] WRITE LINE: 
[2026-06-01 17:36:17Z INFO ConfigurationManager] Test Connection complete.
[2026-06-01 17:36:17Z INFO HostContext] Well known directory 'Bin': 'D:\diploma\gitops\actions-runner\bin'
[2026-06-01 17:36:17Z INFO HostContext] Well known directory 'Root': 'D:\diploma\gitops\actions-runner'
[2026-06-01 17:36:17Z INFO HostContext] Well known config file 'RSACredentials': 'D:\diploma\gitops\actions-runner\.credentials_rsaparams'
[2026-06-01 17:36:17Z INFO RSAEncryptedFileKeyManager] Creating new RSA key using 2048-bit key length
[2026-06-01 17:36:17Z INFO RSAEncryptedFileKeyManager] Successfully saved RSA key parameters to file D:\diploma\gitops\actions-runner\.credentials_rsaparams
[2026-06-01 17:36:17Z INFO CommandSettings] Arg 'runnergroup': ''
[2026-06-01 17:36:17Z INFO CommandSettings] Flag 'unattended': 'False'
[2026-06-01 17:36:17Z INFO PromptManager] ReadValue
[2026-06-01 17:36:17Z INFO Terminal] WRITE: Enter the name of the runner group to add this runner to: 
[2026-06-01 17:36:17Z INFO Terminal] WRITE: [press Enter for Default] 
[2026-06-01 17:36:17Z INFO Terminal] READ LINE
[2026-06-01 17:36:36Z INFO Terminal] Read value: 'runner1'
[2026-06-01 17:36:36Z INFO Terminal] WRITE LINE: 
[2026-06-01 17:36:36Z ERR  Runner] GitHub.DistributedTask.WebApi.TaskAgentPoolNotFoundException: Could not find any self-hosted runner group named "runner1".
   at GitHub.Runner.Listener.Configuration.ConfigurationManager.ConfigureAsync(CommandSettings command)
   at GitHub.Runner.Listener.Runner.ExecuteCommand(CommandSettings command)
[2026-06-01 17:36:36Z ERR  Terminal] WRITE ERROR: Could not find any self-hosted runner group named "runner1".
[2026-06-01 17:36:36Z INFO Listener] Runner execution has finished with return code 1
